<?xml version="1.0" encoding="UTF-8"?>
<robot generator="Robot 3.0.4 (Python 3.6.5 on win32)" generated="20180726 17:16:40.377">
<suite id="s1" name="2stage-Home" source="C:\Users\MP1CCW3X\Desktop\QA_2stage\2stage-Home.Robot">
<test id="s1-t1" name="2Stage website Home Admin Change Lang">
<kw name="Login to 2Stage by">
<arguments>
<arg>${admin_username}</arg>
<arg>${admin_password}</arg>
</arguments>
<kw name="Open Browser" library="Selenium2Library">
<doc>Opens a new browser instance to the given ``url``.</doc>
<arguments>
<arg>${url_login}</arg>
<arg>chrome</arg>
</arguments>
<msg timestamp="20180726 17:16:40.527" level="INFO">Opening browser 'chrome' to base url 'https://staging.customer.sendit.asia/th/2stage/login'.</msg>
<status status="PASS" starttime="20180726 17:16:40.527" endtime="20180726 17:16:47.963"></status>
</kw>
<kw name="Maximize Browser Window" library="Selenium2Library">
<doc>Maximizes current browser window.</doc>
<status status="PASS" starttime="20180726 17:16:47.963" endtime="20180726 17:16:49.155"></status>
</kw>
<kw name="Element Should Be Visible" library="Selenium2Library">
<doc>Verifies that the element identified by ``locator`` is visible.</doc>
<arguments>
<arg>${css_login_modal}</arg>
<arg>5s</arg>
</arguments>
<msg timestamp="20180726 17:16:49.272" level="INFO">Element 'css=div.login-container__loginform___2rEJe' is displayed.</msg>
<status status="PASS" starttime="20180726 17:16:49.156" endtime="20180726 17:16:49.272"></status>
</kw>
<kw name="Input Text" library="Selenium2Library">
<doc>Types the given ``text`` into text field identified by ``locator``.</doc>
<arguments>
<arg>${css_username}</arg>
<arg>${username}</arg>
</arguments>
<msg timestamp="20180726 17:16:49.273" level="INFO">Typing text 'test_admin@sendit.asia' into text field '//div[1]/div/div/div/div[1]/input'.</msg>
<status status="PASS" starttime="20180726 17:16:49.272" endtime="20180726 17:16:49.460"></status>
</kw>
<kw name="Input Text" library="Selenium2Library">
<doc>Types the given ``text`` into text field identified by ``locator``.</doc>
<arguments>
<arg>${css_password}</arg>
<arg>${password}</arg>
</arguments>
<msg timestamp="20180726 17:16:49.460" level="INFO">Typing text 'sendit1234' into text field '//div[1]/div/div/div/div[2]/input'.</msg>
<status status="PASS" starttime="20180726 17:16:49.460" endtime="20180726 17:16:49.560"></status>
</kw>
<kw name="Sleep" library="BuiltIn">
<doc>Pauses the test executed for the given time.</doc>
<arguments>
<arg>3s</arg>
</arguments>
<msg timestamp="20180726 17:16:52.560" level="INFO">Slept 3 seconds</msg>
<status status="PASS" starttime="20180726 17:16:49.560" endtime="20180726 17:16:52.561"></status>
</kw>
<kw name="Click Element" library="Selenium2Library">
<doc>Click element identified by ``locator``.</doc>
<arguments>
<arg>${css_loginbtn}</arg>
</arguments>
<msg timestamp="20180726 17:16:52.562" level="INFO">Clicking element '//div[1]/div/div/div/div[3]/button'.</msg>
<status status="PASS" starttime="20180726 17:16:52.561" endtime="20180726 17:16:52.738"></status>
</kw>
<kw name="Sleep" library="BuiltIn">
<doc>Pauses the test executed for the given time.</doc>
<arguments>
<arg>1s</arg>
</arguments>
<msg timestamp="20180726 17:16:53.740" level="INFO">Slept 1 second</msg>
<status status="PASS" starttime="20180726 17:16:52.739" endtime="20180726 17:16:53.741"></status>
</kw>
<status status="PASS" starttime="20180726 17:16:40.527" endtime="20180726 17:16:53.741"></status>
</kw>
<kw name="Change Lang">
<kw name="Wait Until Element Is Visible" library="Selenium2Library">
<doc>Waits until element ``locator`` is visible.</doc>
<arguments>
<arg>css="globalnav-component__menulist___279ou</arg>
</arguments>
<kw name="Capture Page Screenshot" library="Selenium2Library">
<doc>Takes screenshot of the current page and embeds it into log file.</doc>
<msg timestamp="20180726 17:16:54.642" level="INFO" html="yes">&lt;/td&gt;&lt;/tr&gt;&lt;tr&gt;&lt;td colspan="3"&gt;&lt;a href="selenium-screenshot-19.png"&gt;&lt;img src="selenium-screenshot-19.png" width="800px"&gt;&lt;/a&gt;</msg>
<status status="PASS" starttime="20180726 17:16:53.786" endtime="20180726 17:16:54.642"></status>
</kw>
<msg timestamp="20180726 17:16:54.645" level="FAIL">InvalidSelectorException: Message: invalid selector: An invalid or illegal selector was specified
  (Session info: chrome=67.0.3396.99)
  (Driver info: chromedriver=2.35.528161 (5b82f2d2aae0ca24b877009200ced9065a772e73),platform=Windows NT 10.0.17134 x86_64)
</msg>
<status status="FAIL" starttime="20180726 17:16:53.743" endtime="20180726 17:16:54.645"></status>
</kw>
<status status="FAIL" starttime="20180726 17:16:53.742" endtime="20180726 17:16:54.645"></status>
</kw>
<status status="FAIL" starttime="20180726 17:16:40.526" endtime="20180726 17:16:54.646" critical="yes">InvalidSelectorException: Message: invalid selector: An invalid or illegal selector was specified
  (Session info: chrome=67.0.3396.99)
  (Driver info: chromedriver=2.35.528161 (5b82f2d2aae0ca24b877009200ced9065a772e73),platform=Windows NT 10.0.17134 x86_64)
</status>
</test>
<status status="FAIL" starttime="20180726 17:16:40.379" endtime="20180726 17:16:54.648"></status>
</suite>
<statistics>
<total>
<stat pass="0" fail="1">Critical Tests</stat>
<stat pass="0" fail="1">All Tests</stat>
</total>
<tag>
</tag>
<suite>
<stat pass="0" fail="1" id="s1" name="2stage-Home">2stage-Home</stat>
</suite>
</statistics>
<errors>
</errors>
</robot>
